1	4294967296	tr
2	8589934593	tr
3	4294967296	start_roi
4	4294967296	m	w	140733740924112	8
5	4294967296	m	r	140733740924112	8
6	4294967296	m	r	140733740924120	8
7	4294967296	m	r	140733740924212	4	w	140733740924212	4
8	4294967296	m	w	140733740924120	8
9	4294967296	end_roi
10	4294967296	start_roi
11	4294967296	m	w	140733740924112	8
12	4294967296	m	r	140733740924112	8
13	4294967296	m	r	140733740924120	8
14	4294967296	m	r	140733740924212	4	w	140733740924212	4
15	4294967296	m	w	140733740924120	8
16	4294967296	end_roi
17	8589934593	start_roi
18	8589934593	m	w	134211520425328	8
19	8589934593	m	r	134211520425328	8
20	8589934593	m	r	134211520425336	8
21	8589934593	m	r	140733740924212	4	w	140733740924212	4
22	8589934593	m	w	134211520425336	8
23	8589934593	end_roi
24	8589934593	start_roi
25	8589934593	m	w	134211520425328	8
26	8589934593	m	r	134211520425328	8
27	8589934593	m	r	134211520425336	8
28	8589934593	m	r	140733740924212	4	w	140733740924212	4
29	8589934593	m	w	134211520425336	8
30	8589934593	end_roi
31	8589934593	tf
32	4294967296	tf
